<?xml version="1.0" encoding="UTF-8"?>
<!-- Generated by org.testng.reporters.JUnitXMLReporter -->
<testsuite ignored="0" hostname="karthikkulkarni" failures="0" tests="3" name="Default test" time="63.707" errors="0" timestamp="2024-06-17T11:43:26 IST">
  <testcase classname="com.crm.comcastContactTest.ContactTest" name="CreateContactWithOrg" time="13.774"/>
  <testcase classname="com.crm.comcastContactTest.ContactTest" name="createContactWithDate" time="20.414"/>
  <testcase classname="com.crm.comcastContactTest.ContactTest" name="createContacttest" time="5.187"/>
</testsuite> <!-- Default test -->
