<?xml version="1.0" encoding="UTF-8"?>
<!-- Generated by org.testng.reporters.JUnitXMLReporter -->
<testsuite ignored="0" hostname="karthikkulkarni" failures="0" tests="3" name="Default test" time="40.228" errors="0" timestamp="2024-06-17T14:53:57 IST">
  <testcase classname="com.crm.comcastOrgTest.Organization_test" name="createOrg" time="5.559"/>
  <testcase classname="com.crm.comcastOrgTest.Organization_test" name="createOrgWithIndustry" time="3.913"/>
  <testcase classname="com.crm.comcastOrgTest.Organization_test" name="createOrgWithPhonenumber" time="3.686"/>
</testsuite> <!-- Default test -->
