<?xml version="1.0" encoding="UTF-8"?>
<testng-results ignored="2" total="3" passed="0"
	failed="1" skipped="0">
	<reporter-output>
	</reporter-output>
	<suite started-at="2024-06-12T17:54:44 IST" name="Default suite"
		finished-at="2024-06-12T17:55:15 IST" duration-ms="31533">
		<groups>
		</groups>
		<test started-at="2024-06-12T17:54:44 IST" name="Default test"
			finished-at="2024-06-12T17:55:15 IST" duration-ms="31533">
			<class name="com.crm.comcastContactTest.ContactTest">
				<test-method is-config="true"
					signature="configBS()[pri:0, instance:com.crm.comcastContactTest.ContactTest@44ebcd03]"
					started-at="2024-06-12T17:54:44 IST" name="configBS"
					finished-at="2024-06-12T17:54:44 IST" duration-ms="8" status="PASS">
					<reporter-output>
					</reporter-output>
				</test-method> <!-- configBS -->
				<test-method is-config="true"
					signature="configBC()[pri:0, instance:com.crm.comcastContactTest.ContactTest@44ebcd03]"
					started-at="2024-06-12T17:54:44 IST" name="configBC"
					finished-at="2024-06-12T17:54:45 IST" duration-ms="1579"
					status="PASS">
					<reporter-output>
					</reporter-output>
				</test-method> <!-- configBC -->
				<test-method is-config="true"
					signature="configBM()[pri:0, instance:com.crm.comcastContactTest.ContactTest@44ebcd03]"
					started-at="2024-06-12T17:54:45 IST" name="configBM"
					finished-at="2024-06-12T17:54:48 IST" duration-ms="2607"
					status="PASS">
					<reporter-output>
					</reporter-output>
				</test-method> <!-- configBM -->
				<test-method
					signature="CreateContactWithOrg()[pri:0, instance:com.crm.comcastContactTest.ContactTest@44ebcd03]"
					started-at="2024-06-12T17:54:48 IST" name="CreateContactWithOrg"
					finished-at="2024-06-12T17:55:09 IST" duration-ms="20739"
					status="FAIL">
					<exception
						class="org.openqa.selenium.NoSuchElementException">
						<message>
              <![CDATA[no such element: Unable to locate element: {"method":"xpath","selector":"//img[@title='Create Organization...']"}
  (Session info: chrome=125.0.6422.142)
For documentation on this error, please visit: https://www.selenium.dev/documentation/webdriver/troubleshooting/errors#no-such-element-exception
Build info: version: '4.17.0', revision: 'e52b1be057*'
System info: os.name: 'Windows 10', os.arch: 'amd64', os.version: '10.0', java.version: '19'
Driver info: org.openqa.selenium.chrome.ChromeDriver
Command: [fd0c59361b53b775f65c6ee205c57053, findElement {value=//img[@title='Create Organization...'], using=xpath}]
Capabilities {acceptInsecureCerts: false, browserName: chrome, browserVersion: 125.0.6422.142, chrome: {chromedriverVersion: 125.0.6422.141 (4b1e8393712..., userDataDir: C:\Users\madhuri\AppData\Lo...}, fedcm:accounts: true, goog:chromeOptions: {debuggerAddress: localhost:58595}, networkConnectionEnabled: false, pageLoadStrategy: normal, platformName: windows, proxy: Proxy(), se:cdp: ws://localhost:58595/devtoo..., se:cdpVersion: 125.0.6422.142, setWindowRect: true, strictFileInteractability: false, timeouts: {implicit: 0, pageLoad: 300000, script: 30000}, unhandledPromptBehavior: dismiss and notify, webauthn:extension:credBlob: true, webauthn:extension:largeBlob: true, webauthn:extension:minPinLength: true, webauthn:extension:prf: true, webauthn:virtualAuthenticators: true}
Session ID: fd0c59361b53b775f65c6ee205c57053]]>
						</message>
						<full-stacktrace>
              <![CDATA[org.openqa.selenium.NoSuchElementException: no such element: Unable to locate element: {"method":"xpath","selector":"//img[@title='Create Organization...']"}
  (Session info: chrome=125.0.6422.142)
For documentation on this error, please visit: https://www.selenium.dev/documentation/webdriver/troubleshooting/errors#no-such-element-exception
Build info: version: '4.17.0', revision: 'e52b1be057*'
System info: os.name: 'Windows 10', os.arch: 'amd64', os.version: '10.0', java.version: '19'
Driver info: org.openqa.selenium.chrome.ChromeDriver
Command: [fd0c59361b53b775f65c6ee205c57053, findElement {value=//img[@title='Create Organization...'], using=xpath}]
Capabilities {acceptInsecureCerts: false, browserName: chrome, browserVersion: 125.0.6422.142, chrome: {chromedriverVersion: 125.0.6422.141 (4b1e8393712..., userDataDir: C:\Users\madhuri\AppData\Lo...}, fedcm:accounts: true, goog:chromeOptions: {debuggerAddress: localhost:58595}, networkConnectionEnabled: false, pageLoadStrategy: normal, platformName: windows, proxy: Proxy(), se:cdp: ws://localhost:58595/devtoo..., se:cdpVersion: 125.0.6422.142, setWindowRect: true, strictFileInteractability: false, timeouts: {implicit: 0, pageLoad: 300000, script: 30000}, unhandledPromptBehavior: dismiss and notify, webauthn:extension:credBlob: true, webauthn:extension:largeBlob: true, webauthn:extension:minPinLength: true, webauthn:extension:prf: true, webauthn:virtualAuthenticators: true}
Session ID: fd0c59361b53b775f65c6ee205c57053
at java.base/jdk.internal.reflect.DirectConstructorHandleAccessor.newInstance(DirectConstructorHandleAccessor.java:67)
at java.base/java.lang.reflect.Constructor.newInstanceWithCaller(Constructor.java:500)
at java.base/java.lang.reflect.Constructor.newInstance(Constructor.java:484)
at org.openqa.selenium.remote.codec.w3c.W3CHttpResponseCodec.createException(W3CHttpResponseCodec.java:185)
at org.openqa.selenium.remote.codec.w3c.W3CHttpResponseCodec.decode(W3CHttpResponseCodec.java:134)
at org.openqa.selenium.remote.codec.w3c.W3CHttpResponseCodec.decode(W3CHttpResponseCodec.java:51)
at org.openqa.selenium.remote.HttpCommandExecutor.execute(HttpCommandExecutor.java:190)
at org.openqa.selenium.remote.service.DriverCommandExecutor.invokeExecute(DriverCommandExecutor.java:216)
at org.openqa.selenium.remote.service.DriverCommandExecutor.execute(DriverCommandExecutor.java:174)
at org.openqa.selenium.remote.RemoteWebDriver.execute(RemoteWebDriver.java:519)
at org.openqa.selenium.remote.ElementLocation$ElementFinder$2.findElement(ElementLocation.java:165)
at org.openqa.selenium.remote.ElementLocation.findElement(ElementLocation.java:59)
at org.openqa.selenium.remote.RemoteWebDriver.findElement(RemoteWebDriver.java:356)
at org.openqa.selenium.remote.RemoteWebDriver.findElement(RemoteWebDriver.java:350)
at org.openqa.selenium.support.pagefactory.DefaultElementLocator.findElement(DefaultElementLocator.java:68)
at org.openqa.selenium.support.pagefactory.internal.LocatingElementHandler.invoke(LocatingElementHandler.java:38)
at jdk.proxy2/jdk.proxy2.$Proxy19.click(Unknown Source)
at com.crm.comcastContactTest.ContactTest.CreateContactWithOrg(ContactTest.java:59)
at java.base/jdk.internal.reflect.DirectMethodHandleAccessor.invoke(DirectMethodHandleAccessor.java:104)
at java.base/java.lang.reflect.Method.invoke(Method.java:578)
at org.testng.internal.MethodInvocationHelper.invokeMethod(MethodInvocationHelper.java:133)
at org.testng.internal.TestInvoker.invokeMethod(TestInvoker.java:598)
at org.testng.internal.TestInvoker.invokeTestMethod(TestInvoker.java:173)
at org.testng.internal.MethodRunner.runInSequence(MethodRunner.java:46)
at org.testng.internal.TestInvoker$MethodInvocationAgent.invoke(TestInvoker.java:824)
at org.testng.internal.TestInvoker.invokeTestMethods(TestInvoker.java:146)
at org.testng.internal.TestMethodWorker.invokeTestMethods(TestMethodWorker.java:146)
at org.testng.internal.TestMethodWorker.run(TestMethodWorker.java:128)
at java.base/java.util.ArrayList.forEach(ArrayList.java:1511)
at org.testng.TestRunner.privateRun(TestRunner.java:794)
at org.testng.TestRunner.run(TestRunner.java:596)
at org.testng.SuiteRunner.runTest(SuiteRunner.java:377)
at org.testng.SuiteRunner.runSequentially(SuiteRunner.java:371)
at org.testng.SuiteRunner.privateRun(SuiteRunner.java:332)
at org.testng.SuiteRunner.run(SuiteRunner.java:276)
at org.testng.SuiteRunnerWorker.runSuite(SuiteRunnerWorker.java:53)
at org.testng.SuiteRunnerWorker.run(SuiteRunnerWorker.java:96)
at org.testng.TestNG.runSuitesSequentially(TestNG.java:1212)
at org.testng.TestNG.runSuitesLocally(TestNG.java:1134)
at org.testng.TestNG.runSuites(TestNG.java:1063)
at org.testng.TestNG.run(TestNG.java:1031)
at org.testng.remote.AbstractRemoteTestNG.run(AbstractRemoteTestNG.java:115)
at org.testng.remote.RemoteTestNG.initAndRun(RemoteTestNG.java:251)
at org.testng.remote.RemoteTestNG.main(RemoteTestNG.java:77)
]]>
						</full-stacktrace>
					</exception> <!-- org.openqa.selenium.NoSuchElementException -->
					<reporter-output>
					</reporter-output>
				</test-method> <!-- CreateContactWithOrg -->
				<test-method is-config="true"
					signature="configAM()[pri:0, instance:com.crm.comcastContactTest.ContactTest@44ebcd03]"
					started-at="2024-06-12T17:55:09 IST" name="configAM"
					finished-at="2024-06-12T17:55:15 IST" duration-ms="6262"
					status="PASS">
					<reporter-output>
					</reporter-output>
				</test-method> <!-- configAM -->
				<test-method is-config="true"
					signature="configAC()[pri:0, instance:com.crm.comcastContactTest.ContactTest@44ebcd03]"
					started-at="2024-06-12T17:55:15 IST" name="configAC"
					finished-at="2024-06-12T17:55:15 IST" duration-ms="197"
					status="PASS">
					<reporter-output>
					</reporter-output>
				</test-method> <!-- configAC -->
				<test-method is-config="true"
					signature="configAS()[pri:0, instance:com.crm.comcastContactTest.ContactTest@44ebcd03]"
					started-at="2024-06-12T17:55:15 IST" name="configAS"
					finished-at="2024-06-12T17:55:15 IST" duration-ms="315"
					status="PASS">
					<reporter-output>
					</reporter-output>
				</test-method> <!-- configAS -->
			</class> <!-- com.crm.comcastContactTest.ContactTest -->
		</test> <!-- Default test -->
	</suite> <!-- Default suite -->
</testng-results>
